{
  "stats": {
    "suites": 1,
    "tests": 1,
    "passes": 1,
    "pending": 0,
    "failures": 0,
    "start": "2024-04-25T06:15:52.120Z",
    "end": "2024-04-25T06:16:06.713Z",
    "duration": 14593,
    "testsRegistered": 1,
    "passPercent": 100,
    "pendingPercent": 0,
    "other": 0,
    "hasOther": false,
    "skipped": 0,
    "hasSkipped": false
  },
  "results": [
    {
      "uuid": "f2cb2dc6-b845-4ee5-b6ed-d9320ed0765c",
      "title": "",
      "fullFile": "cypress/integration/examples/Test1.js",
      "file": "cypress/integration/examples/Test1.js",
      "beforeHooks": [],
      "afterHooks": [],
      "tests": [],
      "suites": [
        {
          "uuid": "5ff8d6c3-dd17-4fcc-81f5-1764688f696a",
          "title": "My First Test",
          "fullFile": "",
          "file": "",
          "beforeHooks": [],
          "afterHooks": [],
          "tests": [
            {
              "title": "First Test Case",
              "fullTitle": "My First Test First Test Case",
              "timedOut": null,
              "duration": 12394,
              "state": "passed",
              "speed": "slow",
              "pass": true,
              "fail": false,
              "pending": false,
              "context": "{\n  \"title\": \"cypress-mochawesome-reporter-videos-passed\",\n  \"value\": \"cypress/integration/examples/Test1.js\"\n}",
              "code": "cy.visit(\"https://rahulshettyacademy.com/seleniumPractise/#/\");\ncy.get('.search-keyword').type('ca');\ncy.wait(2000);\ncy.get('.product:visible').should('have.length', 4);\ncy.get('.products').find('.product').should('have.length', 4);\ncy.get('.products').find('.product').eq(2).contains('ADD TO CART').click();\ncy.wait(5000);",
              "err": {},
              "uuid": "34a5ba35-64a0-4661-81e7-f95b8c07ea12",
              "parentUUID": "5ff8d6c3-dd17-4fcc-81f5-1764688f696a",
              "isHook": false,
              "skipped": false
            }
          ],
          "suites": [],
          "passes": [
            "34a5ba35-64a0-4661-81e7-f95b8c07ea12"
          ],
          "failures": [],
          "pending": [],
          "skipped": [],
          "duration": 12394,
          "root": false,
          "rootEmpty": false,
          "_timeout": 2000
        }
      ],
      "passes": [],
      "failures": [],
      "pending": [],
      "skipped": [],
      "duration": 0,
      "root": true,
      "rootEmpty": true,
      "_timeout": 2000
    }
  ],
  "meta": {
    "mocha": {
      "version": "7.0.1"
    },
    "mochawesome": {
      "options": {
        "quiet": false,
        "reportFilename": "mochawesome",
        "saveHtml": true,
        "saveJson": true,
        "consoleReporter": "spec",
        "useInlineDiffs": false,
        "code": true
      },
      "version": "7.1.3"
    },
    "marge": {
      "options": null,
      "version": "6.2.0"
    }
  }
}